# JRE version: Java(TM) SE Runtime Environment (8.0_162-b12) (build 1.8.0_162-b12)
# Java VM: Java HotSpot(TM) 64-Bit Server VM (25.162-b12 mixed mode windows-amd64 compressed oops)
Heap:
 PSYoungGen      total 46592K, used 43920K [0x00000000fab00000, 0x0000000100000000, 0x0000000100000000)
  eden space 46080K, 94% used [0x00000000fab00000,0x00000000fd5ba3c0,0x00000000fd800000)
  from space 512K, 32% used [0x00000000fff80000,0x00000000fffa9c50,0x0000000100000000)
  to   space 512K, 0% used [0x00000000fff00000,0x00000000fff00000,0x00000000fff80000)
 ParOldGen       total 87552K, used 82508K [0x00000000f0000000, 0x00000000f5580000, 0x00000000fab00000)
  object space 87552K, 94% used [0x00000000f0000000,0x00000000f50930e0,0x00000000f5580000)
 Metaspace       used 10632K, capacity 10853K, committed 11008K, reserved 1058816K
  class space    used 920K, capacity 1009K, committed 1024K, reserved 1048576K
GC Heap History (10 events):
Event: 1087.771 GC heap before
{Heap before GC invocations=2508 (full 0):
 PSYoungGen      total 52224K, used 51840K [0x00000000fab00000, 0x0000000100000000, 0x0000000100000000)
  eden space 51712K, 100% used [0x00000000fab00000,0x00000000fdd80000,0x00000000fdd80000)
  from space 512K, 25% used [0x00000000fff00000,0x00000000fff20000,0x00000000fff80000)
  to   space 512K, 0% used [0x00000000fff80000,0x00000000fff80000,0x0000000100000000)
 ParOldGen       total 87552K, used 82396K [0x00000000f0000000, 0x00000000f5580000, 0x00000000fab00000)
  object space 87552K, 94% used [0x00000000f0000000,0x00000000f50770e0,0x00000000f5580000)
 Metaspace       used 10632K, capacity 10853K, committed 11008K, reserved 1058816K
  class space    used 920K, capacity 1009K, committed 1024K, reserved 1048576K
Event: 1087.774 GC heap after
Heap after GC invocations=2508 (full 0):
 PSYoungGen      total 50688K, used 199K [0x00000000fab00000, 0x0000000100000000, 0x0000000100000000)
  eden space 50176K, 0% used [0x00000000fab00000,0x00000000fab00000,0x00000000fdc00000)
  from space 512K, 38% used [0x00000000fff80000,0x00000000fffb1c50,0x0000000100000000)
  to   space 512K, 0% used [0x00000000fff00000,0x00000000fff00000,0x00000000fff80000)
 ParOldGen       total 87552K, used 82412K [0x00000000f0000000, 0x00000000f5580000, 0x00000000fab00000)
  object space 87552K, 94% used [0x00000000f0000000,0x00000000f507b0e0,0x00000000f5580000)
 Metaspace       used 10632K, capacity 10853K, committed 11008K, reserved 1058816K
  class space    used 920K, capacity 1009K, committed 1024K, reserved 1048576K
}
Event: 1088.305 GC heap before
{Heap before GC invocations=2509 (full 0):
 PSYoungGen      total 50688K, used 50375K [0x00000000fab00000, 0x0000000100000000, 0x0000000100000000)
  eden space 50176K, 100% used [0x00000000fab00000,0x00000000fdc00000,0x00000000fdc00000)
  from space 512K, 38% used [0x00000000fff80000,0x00000000fffb1c50,0x0000000100000000)
  to   space 512K, 0% used [0x00000000fff00000,0x00000000fff00000,0x00000000fff80000)
 ParOldGen       total 87552K, used 82412K [0x00000000f0000000, 0x00000000f5580000, 0x00000000fab00000)
  object space 87552K, 94% used [0x00000000f0000000,0x00000000f507b0e0,0x00000000f5580000)
 Metaspace       used 10632K, capacity 10853K, committed 11008K, reserved 1058816K
  class space    used 920K, capacity 1009K, committed 1024K, reserved 1048576K
Event: 1088.307 GC heap after
Heap after GC invocations=2509 (full 0):
 PSYoungGen      total 49664K, used 199K [0x00000000fab00000, 0x0000000100000000, 0x0000000100000000)
  eden space 49152K, 0% used [0x00000000fab00000,0x00000000fab00000,0x00000000fdb00000)
  from space 512K, 38% used [0x00000000fff00000,0x00000000fff31c50,0x00000000fff80000)
  to   space 512K, 0% used [0x00000000fff80000,0x00000000fff80000,0x0000000100000000)
 ParOldGen       total 87552K, used 82436K [0x00000000f0000000, 0x00000000f5580000, 0x00000000fab00000)
  object space 87552K, 94% used [0x00000000f0000000,0x00000000f50810e0,0x00000000f5580000)
 Metaspace       used 10632K, capacity 10853K, committed 11008K, reserved 1058816K
  class space    used 920K, capacity 1009K, committed 1024K, reserved 1048576K
}
Event: 1088.761 GC heap before
{Heap before GC invocations=2510 (full 0):
 PSYoungGen      total 49664K, used 49351K [0x00000000fab00000, 0x0000000100000000, 0x0000000100000000)
  eden space 49152K, 100% used [0x00000000fab00000,0x00000000fdb00000,0x00000000fdb00000)
  from space 512K, 38% used [0x00000000fff00000,0x00000000fff31c50,0x00000000fff80000)
  to   space 512K, 0% used [0x00000000fff80000,0x00000000fff80000,0x0000000100000000)
 ParOldGen       total 87552K, used 82436K [0x00000000f0000000, 0x00000000f5580000, 0x00000000fab00000)
  object space 87552K, 94% used [0x00000000f0000000,0x00000000f50810e0,0x00000000f5580000)
 Metaspace       used 10632K, capacity 10853K, committed 11008K, reserved 1058816K
  class space    used 920K, capacity 1009K, committed 1024K, reserved 1048576K
Event: 1088.762 GC heap after
Heap after GC invocations=2510 (full 0):
 PSYoungGen      total 48640K, used 167K [0x00000000fab00000, 0x0000000100000000, 0x0000000100000000)
  eden space 48128K, 0% used [0x00000000fab00000,0x00000000fab00000,0x00000000fda00000)
  from space 512K, 32% used [0x00000000fff80000,0x00000000fffa9c50,0x0000000100000000)
  to   space 512K, 0% used [0x00000000fff00000,0x00000000fff00000,0x00000000fff80000)
 ParOldGen       total 87552K, used 82460K [0x00000000f0000000, 0x00000000f5580000, 0x00000000fab00000)
  object space 87552K, 94% used [0x00000000f0000000,0x00000000f50870e0,0x00000000f5580000)
 Metaspace       used 10632K, capacity 10853K, committed 11008K, reserved 1058816K
  class space    used 920K, capacity 1009K, committed 1024K, reserved 1048576K
}
Event: 1089.276 GC heap before
{Heap before GC invocations=2511 (full 0):
 PSYoungGen      total 48640K, used 48295K [0x00000000fab00000, 0x0000000100000000, 0x0000000100000000)
  eden space 48128K, 100% used [0x00000000fab00000,0x00000000fda00000,0x00000000fda00000)
  from space 512K, 32% used [0x00000000fff80000,0x00000000fffa9c50,0x0000000100000000)
  to   space 512K, 0% used [0x00000000fff00000,0x00000000fff00000,0x00000000fff80000)
 ParOldGen       total 87552K, used 82460K [0x00000000f0000000, 0x00000000f5580000, 0x00000000fab00000)
  object space 87552K, 94% used [0x00000000f0000000,0x00000000f50870e0,0x00000000f5580000)
 Metaspace       used 10632K, capacity 10853K, committed 11008K, reserved 1058816K
  class space    used 920K, capacity 1009K, committed 1024K, reserved 1048576K
Event: 1089.279 GC heap after
Heap after GC invocations=2511 (full 0):
 PSYoungGen      total 47616K, used 167K [0x00000000fab00000, 0x0000000100000000, 0x0000000100000000)
  eden space 47104K, 0% used [0x00000000fab00000,0x00000000fab00000,0x00000000fd900000)
  from space 512K, 32% used [0x00000000fff00000,0x00000000fff29c50,0x00000000fff80000)
  to   space 512K, 0% used [0x00000000fff80000,0x00000000fff80000,0x0000000100000000)
 ParOldGen       total 87552K, used 82484K [0x00000000f0000000, 0x00000000f5580000, 0x00000000fab00000)
  object space 87552K, 94% used [0x00000000f0000000,0x00000000f508d0e0,0x00000000f5580000)
 Metaspace       used 10632K, capacity 10853K, committed 11008K, reserved 1058816K
  class space    used 920K, capacity 1009K, committed 1024K, reserved 1048576K
}
Event: 1090.245 GC heap before
{Heap before GC invocations=2512 (full 0):
 PSYoungGen      total 47616K, used 47271K [0x00000000fab00000, 0x0000000100000000, 0x0000000100000000)
  eden space 47104K, 100% used [0x00000000fab00000,0x00000000fd900000,0x00000000fd900000)
  from space 512K, 32% used [0x00000000fff00000,0x00000000fff29c50,0x00000000fff80000)
  to   space 512K, 0% used [0x00000000fff80000,0x00000000fff80000,0x0000000100000000)
 ParOldGen       total 87552K, used 82484K [0x00000000f0000000, 0x00000000f5580000, 0x00000000fab00000)
  object space 87552K, 94% used [0x00000000f0000000,0x00000000f508d0e0,0x00000000f5580000)
 Metaspace       used 10632K, capacity 10853K, committed 11008K, reserved 1058816K
  class space    used 920K, capacity 1009K, committed 1024K, reserved 1048576K
Event: 1090.247 GC heap after
Heap after GC invocations=2512 (full 0):
 PSYoungGen      total 46592K, used 167K [0x00000000fab00000, 0x0000000100000000, 0x0000000100000000)
  eden space 46080K, 0% used [0x00000000fab00000,0x00000000fab00000,0x00000000fd800000)
  from space 512K, 32% used [0x00000000fff80000,0x00000000fffa9c50,0x0000000100000000)
  to   space 512K, 0% used [0x00000000fff00000,0x00000000fff00000,0x00000000fff80000)
 ParOldGen       total 87552K, used 82508K [0x00000000f0000000, 0x00000000f5580000, 0x00000000fab00000)
  object space 87552K, 94% used [0x00000000f0000000,0x00000000f50930e0,0x00000000f5580000)
 Metaspace       used 10632K, capacity 10853K, committed 11008K, reserved 1058816K
  class space    used 920K, capacity 1009K, committed 1024K, reserved 1048576K
}

